[master 22916f0] auto-commit on change (2015-10-07 23:00:10)
 1 file changed, 0 insertions(+), 0 deletions(-)
 create mode 100644 nohup.out
To git@github.com:scalation/scalation.git
   f9f6d14..22916f0  master -> master
[master c83adeb] auto-commit on change (2015-10-08 08:00:09)
 1 file changed, 5 insertions(+)
To git@github.com:scalation/scalation.git
   22916f0..c83adeb  master -> master
[master d984210] auto-commit on change (2015-10-08 09:01:26)
 1 file changed, 4 insertions(+)
To git@github.com:scalation/scalation.git
   c83adeb..d984210  master -> master
[master cc63a77] auto-commit on change (2015-10-08 10:01:29)
 1 file changed, 4 insertions(+)
To git@github.com:scalation/scalation.git
   d984210..cc63a77  master -> master
[master deb3621] auto-commit on change (2015-10-08 11:01:27)
 1 file changed, 4 insertions(+)
To git@github.com:scalation/scalation.git
   cc63a77..deb3621  master -> master
[master 5cc5957] auto-commit on change (2015-10-08 13:00:03)
 1 file changed, 4 insertions(+)
To git@github.com:scalation/scalation.git
   deb3621..5cc5957  master -> master
[master 1cb8352] auto-commit on change (2015-10-08 14:00:03)
 1 file changed, 4 insertions(+)
To git@github.com:scalation/scalation.git
   5cc5957..1cb8352  master -> master
